[2026-06-28T11:41:01.359+0000] {local_task_job_runner.py:123} INFO - ::group::Pre task execution logs
[2026-06-28T11:41:01.398+0000] {taskinstance.py:2614} INFO - Dependencies all met for dep_context=non-requeueable deps ti=<TaskInstance: 02_osm_discovery_westlands.ingest_osm_restaurants manual__2026-06-28T11:35:55.529896+00:00 [queued]>
[2026-06-28T11:41:01.417+0000] {taskinstance.py:2614} INFO - Dependencies all met for dep_context=requeueable deps ti=<TaskInstance: 02_osm_discovery_westlands.ingest_osm_restaurants manual__2026-06-28T11:35:55.529896+00:00 [queued]>
[2026-06-28T11:41:01.417+0000] {taskinstance.py:2867} INFO - Starting attempt 2 of 2
[2026-06-28T11:41:01.500+0000] {taskinstance.py:2890} INFO - Executing <Task(PythonOperator): ingest_osm_restaurants> on 2026-06-28 11:35:55.529896+00:00
[2026-06-28T11:41:01.516+0000] {standard_task_runner.py:104} INFO - Running: ['airflow', 'tasks', 'run', '02_osm_discovery_westlands', 'ingest_osm_restaurants', 'manual__2026-06-28T11:35:55.529896+00:00', '--job-id', '18', '--raw', '--subdir', 'DAGS_FOLDER/02_osm_discovery_westlands.py', '--cfg-path', '/tmp/tmpv2s3bty9']
[2026-06-28T11:41:01.522+0000] {standard_task_runner.py:105} INFO - Job 18: Subtask ingest_osm_restaurants
[2026-06-28T11:41:01.534+0000] {logging_mixin.py:190} WARNING - /home/airflow/.local/lib/python3.12/site-packages/airflow/task/task_runner/standard_task_runner.py:70 DeprecationWarning: This process (pid=438) is multi-threaded, use of fork() may lead to deadlocks in the child.
[2026-06-28T11:41:01.538+0000] {standard_task_runner.py:72} INFO - Started process 439 to run task
[2026-06-28T11:41:01.681+0000] {task_command.py:467} INFO - Running <TaskInstance: 02_osm_discovery_westlands.ingest_osm_restaurants manual__2026-06-28T11:35:55.529896+00:00 [running]> on host 863d10de93ee
[2026-06-28T11:41:01.945+0000] {taskinstance.py:3134} INFO - Exporting env vars: AIRFLOW_CTX_DAG_OWNER='nairobi' AIRFLOW_CTX_DAG_ID='02_osm_discovery_westlands' AIRFLOW_CTX_TASK_ID='ingest_osm_restaurants' AIRFLOW_CTX_EXECUTION_DATE='2026-06-28T11:35:55.529896+00:00' AIRFLOW_CTX_TRY_NUMBER='2' AIRFLOW_CTX_DAG_RUN_ID='manual__2026-06-28T11:35:55.529896+00:00'
[2026-06-28T11:41:01.947+0000] {taskinstance.py:732} INFO - ::endgroup::
[2026-06-28T11:41:02.143+0000] {taskinstance.py:3313} ERROR - Task failed with exception
Traceback (most recent call last):
  File "/home/airflow/.local/lib/python3.12/site-packages/airflow/models/taskinstance.py", line 768, in _execute_task
    result = _execute_callable(context=context, **execute_callable_kwargs)
             ^^^^^^^^^^^^^^^^^^^^^^^^^^^^^^^^^^^^^^^^^^^^^^^^^^^^^^^^^^^^^
  File "/home/airflow/.local/lib/python3.12/site-packages/airflow/models/taskinstance.py", line 734, in _execute_callable
    return ExecutionCallableRunner(
           ^^^^^^^^^^^^^^^^^^^^^^^^
  File "/home/airflow/.local/lib/python3.12/site-packages/airflow/utils/operator_helpers.py", line 252, in run
    return self.func(*args, **kwargs)
           ^^^^^^^^^^^^^^^^^^^^^^^^^^
  File "/home/airflow/.local/lib/python3.12/site-packages/airflow/models/baseoperator.py", line 424, in wrapper
    return func(self, *args, **kwargs)
           ^^^^^^^^^^^^^^^^^^^^^^^^^^^
  File "/home/airflow/.local/lib/python3.12/site-packages/airflow/operators/python.py", line 238, in execute
    return_value = self.execute_callable()
                   ^^^^^^^^^^^^^^^^^^^^^^^
  File "/home/airflow/.local/lib/python3.12/site-packages/airflow/operators/python.py", line 256, in execute_callable
    return runner.run(*self.op_args, **self.op_kwargs)
           ^^^^^^^^^^^^^^^^^^^^^^^^^^^^^^^^^^^^^^^^^^^
  File "/home/airflow/.local/lib/python3.12/site-packages/airflow/utils/operator_helpers.py", line 252, in run
    return self.func(*args, **kwargs)
           ^^^^^^^^^^^^^^^^^^^^^^^^^^
  File "/opt/airflow/dags/02_osm_discovery_westlands.py", line 102, in ingest_osm_restaurants
    conn = get_postgres_connection()
           ^^^^^^^^^^^^^^^^^^^^^^^^^
  File "/opt/airflow/dags/02_osm_discovery_westlands.py", line 93, in get_postgres_connection
    return psycopg2.connect(database_url)
           ^^^^^^^^^^^^^^^^^^^^^^^^^^^^^^
  File "/home/airflow/.local/lib/python3.12/site-packages/psycopg2/__init__.py", line 122, in connect
    conn = _connect(dsn, connection_factory=connection_factory, **kwasync)
           ^^^^^^^^^^^^^^^^^^^^^^^^^^^^^^^^^^^^^^^^^^^^^^^^^^^^^^^^^^^^^^^
psycopg2.OperationalError: could not translate host name "db.jyxqhwrphlyemzrpqrdk.supabase.co" to address: No address associated with hostname

[2026-06-28T11:41:02.168+0000] {taskinstance.py:1226} INFO - Marking task as FAILED. dag_id=02_osm_discovery_westlands, task_id=ingest_osm_restaurants, run_id=manual__2026-06-28T11:35:55.529896+00:00, execution_date=20260628T113555, start_date=20260628T114101, end_date=20260628T114102
[2026-06-28T11:41:02.222+0000] {taskinstance.py:341} INFO - ::group::Post task execution logs
[2026-06-28T11:41:02.223+0000] {standard_task_runner.py:124} ERROR - Failed to execute job 18 for task ingest_osm_restaurants (could not translate host name "db.jyxqhwrphlyemzrpqrdk.supabase.co" to address: No address associated with hostname
; 439)
Traceback (most recent call last):
  File "/home/airflow/.local/lib/python3.12/site-packages/airflow/task/task_runner/standard_task_runner.py", line 117, in _start_by_fork
    ret = args.func(args, dag=self.dag)
          ^^^^^^^^^^^^^^^^^^^^^^^^^^^^^
  File "/home/airflow/.local/lib/python3.12/site-packages/airflow/cli/cli_config.py", line 49, in command
    return func(*args, **kwargs)
           ^^^^^^^^^^^^^^^^^^^^^
  File "/home/airflow/.local/lib/python3.12/site-packages/airflow/utils/cli.py", line 116, in wrapper
    return f(*args, **kwargs)
           ^^^^^^^^^^^^^^^^^^
  File "/home/airflow/.local/lib/python3.12/site-packages/airflow/cli/commands/task_command.py", line 483, in task_run
    task_return_code = _run_task_by_selected_method(args, _dag, ti)
                       ^^^^^^^^^^^^^^^^^^^^^^^^^^^^^^^^^^^^^^^^^^^^
  File "/home/airflow/.local/lib/python3.12/site-packages/airflow/cli/commands/task_command.py", line 256, in _run_task_by_selected_method
    return _run_raw_task(args, ti)
           ^^^^^^^^^^^^^^^^^^^^^^^
  File "/home/airflow/.local/lib/python3.12/site-packages/airflow/cli/commands/task_command.py", line 341, in _run_raw_task
    return ti._run_raw_task(
           ^^^^^^^^^^^^^^^^^
  File "/home/airflow/.local/lib/python3.12/site-packages/airflow/utils/session.py", line 97, in wrapper
    return func(*args, session=session, **kwargs)
           ^^^^^^^^^^^^^^^^^^^^^^^^^^^^^^^^^^^^^^
  File "/home/airflow/.local/lib/python3.12/site-packages/airflow/models/taskinstance.py", line 3006, in _run_raw_task
    return _run_raw_task(
           ^^^^^^^^^^^^^^
  File "/home/airflow/.local/lib/python3.12/site-packages/airflow/models/taskinstance.py", line 274, in _run_raw_task
    TaskInstance._execute_task_with_callbacks(
  File "/home/airflow/.local/lib/python3.12/site-packages/airflow/models/taskinstance.py", line 3161, in _execute_task_with_callbacks
    result = self._execute_task(context, task_orig)
             ^^^^^^^^^^^^^^^^^^^^^^^^^^^^^^^^^^^^^^
  File "/home/airflow/.local/lib/python3.12/site-packages/airflow/models/taskinstance.py", line 3185, in _execute_task
    return _execute_task(self, context, task_orig)
           ^^^^^^^^^^^^^^^^^^^^^^^^^^^^^^^^^^^^^^^
  File "/home/airflow/.local/lib/python3.12/site-packages/airflow/models/taskinstance.py", line 768, in _execute_task
    result = _execute_callable(context=context, **execute_callable_kwargs)
             ^^^^^^^^^^^^^^^^^^^^^^^^^^^^^^^^^^^^^^^^^^^^^^^^^^^^^^^^^^^^^
  File "/home/airflow/.local/lib/python3.12/site-packages/airflow/models/taskinstance.py", line 734, in _execute_callable
    return ExecutionCallableRunner(
           ^^^^^^^^^^^^^^^^^^^^^^^^
  File "/home/airflow/.local/lib/python3.12/site-packages/airflow/utils/operator_helpers.py", line 252, in run
    return self.func(*args, **kwargs)
           ^^^^^^^^^^^^^^^^^^^^^^^^^^
  File "/home/airflow/.local/lib/python3.12/site-packages/airflow/models/baseoperator.py", line 424, in wrapper
    return func(self, *args, **kwargs)
           ^^^^^^^^^^^^^^^^^^^^^^^^^^^
  File "/home/airflow/.local/lib/python3.12/site-packages/airflow/operators/python.py", line 238, in execute
    return_value = self.execute_callable()
                   ^^^^^^^^^^^^^^^^^^^^^^^
  File "/home/airflow/.local/lib/python3.12/site-packages/airflow/operators/python.py", line 256, in execute_callable
    return runner.run(*self.op_args, **self.op_kwargs)
           ^^^^^^^^^^^^^^^^^^^^^^^^^^^^^^^^^^^^^^^^^^^
  File "/home/airflow/.local/lib/python3.12/site-packages/airflow/utils/operator_helpers.py", line 252, in run
    return self.func(*args, **kwargs)
           ^^^^^^^^^^^^^^^^^^^^^^^^^^
  File "/opt/airflow/dags/02_osm_discovery_westlands.py", line 102, in ingest_osm_restaurants
    conn = get_postgres_connection()
           ^^^^^^^^^^^^^^^^^^^^^^^^^
  File "/opt/airflow/dags/02_osm_discovery_westlands.py", line 93, in get_postgres_connection
    return psycopg2.connect(database_url)
           ^^^^^^^^^^^^^^^^^^^^^^^^^^^^^^
  File "/home/airflow/.local/lib/python3.12/site-packages/psycopg2/__init__.py", line 122, in connect
    conn = _connect(dsn, connection_factory=connection_factory, **kwasync)
           ^^^^^^^^^^^^^^^^^^^^^^^^^^^^^^^^^^^^^^^^^^^^^^^^^^^^^^^^^^^^^^^
psycopg2.OperationalError: could not translate host name "db.jyxqhwrphlyemzrpqrdk.supabase.co" to address: No address associated with hostname

[2026-06-28T11:41:02.235+0000] {local_task_job_runner.py:266} INFO - Task exited with return code 1
[2026-06-28T11:41:02.266+0000] {taskinstance.py:3901} INFO - 0 downstream tasks scheduled from follow-on schedule check
[2026-06-28T11:41:02.268+0000] {local_task_job_runner.py:245} INFO - ::endgroup::
