[2026-06-28T12:51:09.591+0000] {local_task_job_runner.py:123} INFO - ::group::Pre task execution logs
[2026-06-28T12:51:09.638+0000] {taskinstance.py:2614} INFO - Dependencies all met for dep_context=non-requeueable deps ti=<TaskInstance: 04_enrichment_pipeline.fetch_unprocessed_dishes manual__2026-06-28T12:43:37.313070+00:00 [queued]>
[2026-06-28T12:51:09.655+0000] {taskinstance.py:2614} INFO - Dependencies all met for dep_context=requeueable deps ti=<TaskInstance: 04_enrichment_pipeline.fetch_unprocessed_dishes manual__2026-06-28T12:43:37.313070+00:00 [queued]>
[2026-06-28T12:51:09.656+0000] {taskinstance.py:2867} INFO - Starting attempt 2 of 2
[2026-06-28T12:51:09.684+0000] {taskinstance.py:2890} INFO - Executing <Task(PythonOperator): fetch_unprocessed_dishes> on 2026-06-28 12:43:37.313070+00:00
[2026-06-28T12:51:09.696+0000] {standard_task_runner.py:104} INFO - Running: ['airflow', 'tasks', 'run', '04_enrichment_pipeline', 'fetch_unprocessed_dishes', 'manual__2026-06-28T12:43:37.313070+00:00', '--job-id', '30', '--raw', '--subdir', 'DAGS_FOLDER/04_enrichment_pipeline.py', '--cfg-path', '/tmp/tmpcuktblp2']
[2026-06-28T12:51:09.700+0000] {standard_task_runner.py:105} INFO - Job 30: Subtask fetch_unprocessed_dishes
[2026-06-28T12:51:09.704+0000] {logging_mixin.py:190} WARNING - /home/airflow/.local/lib/python3.12/site-packages/airflow/task/task_runner/standard_task_runner.py:70 DeprecationWarning: This process (pid=318) is multi-threaded, use of fork() may lead to deadlocks in the child.
[2026-06-28T12:51:09.709+0000] {standard_task_runner.py:72} INFO - Started process 319 to run task
[2026-06-28T12:51:09.829+0000] {task_command.py:467} INFO - Running <TaskInstance: 04_enrichment_pipeline.fetch_unprocessed_dishes manual__2026-06-28T12:43:37.313070+00:00 [running]> on host c767a4a86580
[2026-06-28T12:51:10.041+0000] {taskinstance.py:3134} INFO - Exporting env vars: AIRFLOW_CTX_DAG_OWNER='nairobi' AIRFLOW_CTX_DAG_ID='04_enrichment_pipeline' AIRFLOW_CTX_TASK_ID='fetch_unprocessed_dishes' AIRFLOW_CTX_EXECUTION_DATE='2026-06-28T12:43:37.313070+00:00' AIRFLOW_CTX_TRY_NUMBER='2' AIRFLOW_CTX_DAG_RUN_ID='manual__2026-06-28T12:43:37.313070+00:00'
[2026-06-28T12:51:10.044+0000] {taskinstance.py:732} INFO - ::endgroup::
[2026-06-28T12:53:40.142+0000] {taskinstance.py:3313} ERROR - Task failed with exception
Traceback (most recent call last):
  File "/home/airflow/.local/lib/python3.12/site-packages/airflow/models/taskinstance.py", line 768, in _execute_task
    result = _execute_callable(context=context, **execute_callable_kwargs)
             ^^^^^^^^^^^^^^^^^^^^^^^^^^^^^^^^^^^^^^^^^^^^^^^^^^^^^^^^^^^^^
  File "/home/airflow/.local/lib/python3.12/site-packages/airflow/models/taskinstance.py", line 734, in _execute_callable
    return ExecutionCallableRunner(
           ^^^^^^^^^^^^^^^^^^^^^^^^
  File "/home/airflow/.local/lib/python3.12/site-packages/airflow/utils/operator_helpers.py", line 252, in run
    return self.func(*args, **kwargs)
           ^^^^^^^^^^^^^^^^^^^^^^^^^^
  File "/home/airflow/.local/lib/python3.12/site-packages/airflow/models/baseoperator.py", line 424, in wrapper
    return func(self, *args, **kwargs)
           ^^^^^^^^^^^^^^^^^^^^^^^^^^^
  File "/home/airflow/.local/lib/python3.12/site-packages/airflow/operators/python.py", line 238, in execute
    return_value = self.execute_callable()
                   ^^^^^^^^^^^^^^^^^^^^^^^
  File "/home/airflow/.local/lib/python3.12/site-packages/airflow/operators/python.py", line 256, in execute_callable
    return runner.run(*self.op_args, **self.op_kwargs)
           ^^^^^^^^^^^^^^^^^^^^^^^^^^^^^^^^^^^^^^^^^^^
  File "/home/airflow/.local/lib/python3.12/site-packages/airflow/utils/operator_helpers.py", line 252, in run
    return self.func(*args, **kwargs)
           ^^^^^^^^^^^^^^^^^^^^^^^^^^
  File "/opt/airflow/dags/04_enrichment_pipeline.py", line 36, in fetch_unprocessed_dishes
    conn = get_postgres_connection()
           ^^^^^^^^^^^^^^^^^^^^^^^^^
  File "/opt/airflow/dags/04_enrichment_pipeline.py", line 32, in get_postgres_connection
    return psycopg2.connect(database_url)
           ^^^^^^^^^^^^^^^^^^^^^^^^^^^^^^
  File "/home/airflow/.local/lib/python3.12/site-packages/psycopg2/__init__.py", line 122, in connect
    conn = _connect(dsn, connection_factory=connection_factory, **kwasync)
           ^^^^^^^^^^^^^^^^^^^^^^^^^^^^^^^^^^^^^^^^^^^^^^^^^^^^^^^^^^^^^^^
psycopg2.OperationalError: connection to server at "jyxqhwrphlyemzrpqrdk.supabase.co" (172.64.149.246), port 5432 failed: Connection refused
	Is the server running on that host and accepting TCP/IP connections?
connection to server at "jyxqhwrphlyemzrpqrdk.supabase.co" (104.18.38.10), port 5432 failed: Connection refused
	Is the server running on that host and accepting TCP/IP connections?

[2026-06-28T12:53:40.174+0000] {taskinstance.py:1226} INFO - Marking task as FAILED. dag_id=04_enrichment_pipeline, task_id=fetch_unprocessed_dishes, run_id=manual__2026-06-28T12:43:37.313070+00:00, execution_date=20260628T124337, start_date=20260628T125109, end_date=20260628T125340
[2026-06-28T12:53:40.246+0000] {taskinstance.py:341} INFO - ::group::Post task execution logs
[2026-06-28T12:53:40.247+0000] {standard_task_runner.py:124} ERROR - Failed to execute job 30 for task fetch_unprocessed_dishes (connection to server at "jyxqhwrphlyemzrpqrdk.supabase.co" (172.64.149.246), port 5432 failed: Connection refused
	Is the server running on that host and accepting TCP/IP connections?
connection to server at "jyxqhwrphlyemzrpqrdk.supabase.co" (104.18.38.10), port 5432 failed: Connection refused
	Is the server running on that host and accepting TCP/IP connections?
; 319)
Traceback (most recent call last):
  File "/home/airflow/.local/lib/python3.12/site-packages/airflow/task/task_runner/standard_task_runner.py", line 117, in _start_by_fork
    ret = args.func(args, dag=self.dag)
          ^^^^^^^^^^^^^^^^^^^^^^^^^^^^^
  File "/home/airflow/.local/lib/python3.12/site-packages/airflow/cli/cli_config.py", line 49, in command
    return func(*args, **kwargs)
           ^^^^^^^^^^^^^^^^^^^^^
  File "/home/airflow/.local/lib/python3.12/site-packages/airflow/utils/cli.py", line 116, in wrapper
    return f(*args, **kwargs)
           ^^^^^^^^^^^^^^^^^^
  File "/home/airflow/.local/lib/python3.12/site-packages/airflow/cli/commands/task_command.py", line 483, in task_run
    task_return_code = _run_task_by_selected_method(args, _dag, ti)
                       ^^^^^^^^^^^^^^^^^^^^^^^^^^^^^^^^^^^^^^^^^^^^
  File "/home/airflow/.local/lib/python3.12/site-packages/airflow/cli/commands/task_command.py", line 256, in _run_task_by_selected_method
    return _run_raw_task(args, ti)
           ^^^^^^^^^^^^^^^^^^^^^^^
  File "/home/airflow/.local/lib/python3.12/site-packages/airflow/cli/commands/task_command.py", line 341, in _run_raw_task
    return ti._run_raw_task(
           ^^^^^^^^^^^^^^^^^
  File "/home/airflow/.local/lib/python3.12/site-packages/airflow/utils/session.py", line 97, in wrapper
    return func(*args, session=session, **kwargs)
           ^^^^^^^^^^^^^^^^^^^^^^^^^^^^^^^^^^^^^^
  File "/home/airflow/.local/lib/python3.12/site-packages/airflow/models/taskinstance.py", line 3006, in _run_raw_task
    return _run_raw_task(
           ^^^^^^^^^^^^^^
  File "/home/airflow/.local/lib/python3.12/site-packages/airflow/models/taskinstance.py", line 274, in _run_raw_task
    TaskInstance._execute_task_with_callbacks(
  File "/home/airflow/.local/lib/python3.12/site-packages/airflow/models/taskinstance.py", line 3161, in _execute_task_with_callbacks
    result = self._execute_task(context, task_orig)
             ^^^^^^^^^^^^^^^^^^^^^^^^^^^^^^^^^^^^^^
  File "/home/airflow/.local/lib/python3.12/site-packages/airflow/models/taskinstance.py", line 3185, in _execute_task
    return _execute_task(self, context, task_orig)
           ^^^^^^^^^^^^^^^^^^^^^^^^^^^^^^^^^^^^^^^
  File "/home/airflow/.local/lib/python3.12/site-packages/airflow/models/taskinstance.py", line 768, in _execute_task
    result = _execute_callable(context=context, **execute_callable_kwargs)
             ^^^^^^^^^^^^^^^^^^^^^^^^^^^^^^^^^^^^^^^^^^^^^^^^^^^^^^^^^^^^^
  File "/home/airflow/.local/lib/python3.12/site-packages/airflow/models/taskinstance.py", line 734, in _execute_callable
    return ExecutionCallableRunner(
           ^^^^^^^^^^^^^^^^^^^^^^^^
  File "/home/airflow/.local/lib/python3.12/site-packages/airflow/utils/operator_helpers.py", line 252, in run
    return self.func(*args, **kwargs)
           ^^^^^^^^^^^^^^^^^^^^^^^^^^
  File "/home/airflow/.local/lib/python3.12/site-packages/airflow/models/baseoperator.py", line 424, in wrapper
    return func(self, *args, **kwargs)
           ^^^^^^^^^^^^^^^^^^^^^^^^^^^
  File "/home/airflow/.local/lib/python3.12/site-packages/airflow/operators/python.py", line 238, in execute
    return_value = self.execute_callable()
                   ^^^^^^^^^^^^^^^^^^^^^^^
  File "/home/airflow/.local/lib/python3.12/site-packages/airflow/operators/python.py", line 256, in execute_callable
    return runner.run(*self.op_args, **self.op_kwargs)
           ^^^^^^^^^^^^^^^^^^^^^^^^^^^^^^^^^^^^^^^^^^^
  File "/home/airflow/.local/lib/python3.12/site-packages/airflow/utils/operator_helpers.py", line 252, in run
    return self.func(*args, **kwargs)
           ^^^^^^^^^^^^^^^^^^^^^^^^^^
  File "/opt/airflow/dags/04_enrichment_pipeline.py", line 36, in fetch_unprocessed_dishes
    conn = get_postgres_connection()
           ^^^^^^^^^^^^^^^^^^^^^^^^^
  File "/opt/airflow/dags/04_enrichment_pipeline.py", line 32, in get_postgres_connection
    return psycopg2.connect(database_url)
           ^^^^^^^^^^^^^^^^^^^^^^^^^^^^^^
  File "/home/airflow/.local/lib/python3.12/site-packages/psycopg2/__init__.py", line 122, in connect
    conn = _connect(dsn, connection_factory=connection_factory, **kwasync)
           ^^^^^^^^^^^^^^^^^^^^^^^^^^^^^^^^^^^^^^^^^^^^^^^^^^^^^^^^^^^^^^^
psycopg2.OperationalError: connection to server at "jyxqhwrphlyemzrpqrdk.supabase.co" (172.64.149.246), port 5432 failed: Connection refused
	Is the server running on that host and accepting TCP/IP connections?
connection to server at "jyxqhwrphlyemzrpqrdk.supabase.co" (104.18.38.10), port 5432 failed: Connection refused
	Is the server running on that host and accepting TCP/IP connections?

[2026-06-28T12:53:40.264+0000] {local_task_job_runner.py:266} INFO - Task exited with return code 1
[2026-06-28T12:53:40.330+0000] {taskinstance.py:3901} INFO - 0 downstream tasks scheduled from follow-on schedule check
[2026-06-28T12:53:40.337+0000] {local_task_job_runner.py:245} INFO - ::endgroup::
