[2026-06-28T08:43:39.712+0000] {local_task_job_runner.py:123} INFO - ::group::Pre task execution logs
[2026-06-28T08:43:39.774+0000] {taskinstance.py:2614} INFO - Dependencies all met for dep_context=non-requeueable deps ti=<TaskInstance: 02_osm_discovery_westlands.ingest_osm_restaurants manual__2026-06-28T08:43:33.218765+00:00 [queued]>
[2026-06-28T08:43:39.798+0000] {taskinstance.py:2614} INFO - Dependencies all met for dep_context=requeueable deps ti=<TaskInstance: 02_osm_discovery_westlands.ingest_osm_restaurants manual__2026-06-28T08:43:33.218765+00:00 [queued]>
[2026-06-28T08:43:39.799+0000] {taskinstance.py:2867} INFO - Starting attempt 1 of 2
[2026-06-28T08:43:39.823+0000] {taskinstance.py:2890} INFO - Executing <Task(PythonOperator): ingest_osm_restaurants> on 2026-06-28 08:43:33.218765+00:00
[2026-06-28T08:43:39.838+0000] {standard_task_runner.py:104} INFO - Running: ['airflow', 'tasks', 'run', '02_osm_discovery_westlands', 'ingest_osm_restaurants', 'manual__2026-06-28T08:43:33.218765+00:00', '--job-id', '13', '--raw', '--subdir', 'DAGS_FOLDER/02_osm_discovery_westlands.py', '--cfg-path', '/tmp/tmp9_1_domk']
[2026-06-28T08:43:39.842+0000] {standard_task_runner.py:105} INFO - Job 13: Subtask ingest_osm_restaurants
[2026-06-28T08:43:39.846+0000] {logging_mixin.py:190} WARNING - /home/airflow/.local/lib/python3.12/site-packages/airflow/task/task_runner/standard_task_runner.py:70 DeprecationWarning: This process (pid=476) is multi-threaded, use of fork() may lead to deadlocks in the child.
[2026-06-28T08:43:39.848+0000] {standard_task_runner.py:72} INFO - Started process 477 to run task
[2026-06-28T08:43:39.978+0000] {task_command.py:467} INFO - Running <TaskInstance: 02_osm_discovery_westlands.ingest_osm_restaurants manual__2026-06-28T08:43:33.218765+00:00 [running]> on host 863d10de93ee
[2026-06-28T08:43:40.286+0000] {taskinstance.py:3134} INFO - Exporting env vars: AIRFLOW_CTX_DAG_OWNER='nairobi' AIRFLOW_CTX_DAG_ID='02_osm_discovery_westlands' AIRFLOW_CTX_TASK_ID='ingest_osm_restaurants' AIRFLOW_CTX_EXECUTION_DATE='2026-06-28T08:43:33.218765+00:00' AIRFLOW_CTX_TRY_NUMBER='1' AIRFLOW_CTX_DAG_RUN_ID='manual__2026-06-28T08:43:33.218765+00:00'
[2026-06-28T08:43:40.287+0000] {taskinstance.py:732} INFO - ::endgroup::
[2026-06-28T08:43:40.520+0000] {taskinstance.py:3313} ERROR - Task failed with exception
Traceback (most recent call last):
  File "/home/airflow/.local/lib/python3.12/site-packages/airflow/models/taskinstance.py", line 768, in _execute_task
    result = _execute_callable(context=context, **execute_callable_kwargs)
             ^^^^^^^^^^^^^^^^^^^^^^^^^^^^^^^^^^^^^^^^^^^^^^^^^^^^^^^^^^^^^
  File "/home/airflow/.local/lib/python3.12/site-packages/airflow/models/taskinstance.py", line 734, in _execute_callable
    return ExecutionCallableRunner(
           ^^^^^^^^^^^^^^^^^^^^^^^^
  File "/home/airflow/.local/lib/python3.12/site-packages/airflow/utils/operator_helpers.py", line 252, in run
    return self.func(*args, **kwargs)
           ^^^^^^^^^^^^^^^^^^^^^^^^^^
  File "/home/airflow/.local/lib/python3.12/site-packages/airflow/models/baseoperator.py", line 424, in wrapper
    return func(self, *args, **kwargs)
           ^^^^^^^^^^^^^^^^^^^^^^^^^^^
  File "/home/airflow/.local/lib/python3.12/site-packages/airflow/operators/python.py", line 238, in execute
    return_value = self.execute_callable()
                   ^^^^^^^^^^^^^^^^^^^^^^^
  File "/home/airflow/.local/lib/python3.12/site-packages/airflow/operators/python.py", line 256, in execute_callable
    return runner.run(*self.op_args, **self.op_kwargs)
           ^^^^^^^^^^^^^^^^^^^^^^^^^^^^^^^^^^^^^^^^^^^
  File "/home/airflow/.local/lib/python3.12/site-packages/airflow/utils/operator_helpers.py", line 252, in run
    return self.func(*args, **kwargs)
           ^^^^^^^^^^^^^^^^^^^^^^^^^^
  File "/opt/airflow/dags/02_osm_discovery_westlands.py", line 102, in ingest_osm_restaurants
    conn = get_postgres_connection()
           ^^^^^^^^^^^^^^^^^^^^^^^^^
  File "/opt/airflow/dags/02_osm_discovery_westlands.py", line 93, in get_postgres_connection
    return psycopg2.connect(database_url)
           ^^^^^^^^^^^^^^^^^^^^^^^^^^^^^^
  File "/home/airflow/.local/lib/python3.12/site-packages/psycopg2/__init__.py", line 122, in connect
    conn = _connect(dsn, connection_factory=connection_factory, **kwasync)
           ^^^^^^^^^^^^^^^^^^^^^^^^^^^^^^^^^^^^^^^^^^^^^^^^^^^^^^^^^^^^^^^
psycopg2.OperationalError: could not translate host name "db.jyxqhwrphlyemzrpqrdk.supabase.co" to address: No address associated with hostname

[2026-06-28T08:43:40.602+0000] {taskinstance.py:1226} INFO - Marking task as UP_FOR_RETRY. dag_id=02_osm_discovery_westlands, task_id=ingest_osm_restaurants, run_id=manual__2026-06-28T08:43:33.218765+00:00, execution_date=20260628T084333, start_date=20260628T084339, end_date=20260628T084340
[2026-06-28T08:43:40.741+0000] {taskinstance.py:341} INFO - ::group::Post task execution logs
[2026-06-28T08:43:40.743+0000] {standard_task_runner.py:124} ERROR - Failed to execute job 13 for task ingest_osm_restaurants (could not translate host name "db.jyxqhwrphlyemzrpqrdk.supabase.co" to address: No address associated with hostname
; 477)
Traceback (most recent call last):
  File "/home/airflow/.local/lib/python3.12/site-packages/airflow/task/task_runner/standard_task_runner.py", line 117, in _start_by_fork
    ret = args.func(args, dag=self.dag)
          ^^^^^^^^^^^^^^^^^^^^^^^^^^^^^
  File "/home/airflow/.local/lib/python3.12/site-packages/airflow/cli/cli_config.py", line 49, in command
    return func(*args, **kwargs)
           ^^^^^^^^^^^^^^^^^^^^^
  File "/home/airflow/.local/lib/python3.12/site-packages/airflow/utils/cli.py", line 116, in wrapper
    return f(*args, **kwargs)
           ^^^^^^^^^^^^^^^^^^
  File "/home/airflow/.local/lib/python3.12/site-packages/airflow/cli/commands/task_command.py", line 483, in task_run
    task_return_code = _run_task_by_selected_method(args, _dag, ti)
                       ^^^^^^^^^^^^^^^^^^^^^^^^^^^^^^^^^^^^^^^^^^^^
  File "/home/airflow/.local/lib/python3.12/site-packages/airflow/cli/commands/task_command.py", line 256, in _run_task_by_selected_method
    return _run_raw_task(args, ti)
           ^^^^^^^^^^^^^^^^^^^^^^^
  File "/home/airflow/.local/lib/python3.12/site-packages/airflow/cli/commands/task_command.py", line 341, in _run_raw_task
    return ti._run_raw_task(
           ^^^^^^^^^^^^^^^^^
  File "/home/airflow/.local/lib/python3.12/site-packages/airflow/utils/session.py", line 97, in wrapper
    return func(*args, session=session, **kwargs)
           ^^^^^^^^^^^^^^^^^^^^^^^^^^^^^^^^^^^^^^
  File "/home/airflow/.local/lib/python3.12/site-packages/airflow/models/taskinstance.py", line 3006, in _run_raw_task
    return _run_raw_task(
           ^^^^^^^^^^^^^^
  File "/home/airflow/.local/lib/python3.12/site-packages/airflow/models/taskinstance.py", line 274, in _run_raw_task
    TaskInstance._execute_task_with_callbacks(
  File "/home/airflow/.local/lib/python3.12/site-packages/airflow/models/taskinstance.py", line 3161, in _execute_task_with_callbacks
    result = self._execute_task(context, task_orig)
             ^^^^^^^^^^^^^^^^^^^^^^^^^^^^^^^^^^^^^^
  File "/home/airflow/.local/lib/python3.12/site-packages/airflow/models/taskinstance.py", line 3185, in _execute_task
    return _execute_task(self, context, task_orig)
           ^^^^^^^^^^^^^^^^^^^^^^^^^^^^^^^^^^^^^^^
  File "/home/airflow/.local/lib/python3.12/site-packages/airflow/models/taskinstance.py", line 768, in _execute_task
    result = _execute_callable(context=context, **execute_callable_kwargs)
             ^^^^^^^^^^^^^^^^^^^^^^^^^^^^^^^^^^^^^^^^^^^^^^^^^^^^^^^^^^^^^
  File "/home/airflow/.local/lib/python3.12/site-packages/airflow/models/taskinstance.py", line 734, in _execute_callable
    return ExecutionCallableRunner(
           ^^^^^^^^^^^^^^^^^^^^^^^^
  File "/home/airflow/.local/lib/python3.12/site-packages/airflow/utils/operator_helpers.py", line 252, in run
    return self.func(*args, **kwargs)
           ^^^^^^^^^^^^^^^^^^^^^^^^^^
  File "/home/airflow/.local/lib/python3.12/site-packages/airflow/models/baseoperator.py", line 424, in wrapper
    return func(self, *args, **kwargs)
           ^^^^^^^^^^^^^^^^^^^^^^^^^^^
  File "/home/airflow/.local/lib/python3.12/site-packages/airflow/operators/python.py", line 238, in execute
    return_value = self.execute_callable()
                   ^^^^^^^^^^^^^^^^^^^^^^^
  File "/home/airflow/.local/lib/python3.12/site-packages/airflow/operators/python.py", line 256, in execute_callable
    return runner.run(*self.op_args, **self.op_kwargs)
           ^^^^^^^^^^^^^^^^^^^^^^^^^^^^^^^^^^^^^^^^^^^
  File "/home/airflow/.local/lib/python3.12/site-packages/airflow/utils/operator_helpers.py", line 252, in run
    return self.func(*args, **kwargs)
           ^^^^^^^^^^^^^^^^^^^^^^^^^^
  File "/opt/airflow/dags/02_osm_discovery_westlands.py", line 102, in ingest_osm_restaurants
    conn = get_postgres_connection()
           ^^^^^^^^^^^^^^^^^^^^^^^^^
  File "/opt/airflow/dags/02_osm_discovery_westlands.py", line 93, in get_postgres_connection
    return psycopg2.connect(database_url)
           ^^^^^^^^^^^^^^^^^^^^^^^^^^^^^^
  File "/home/airflow/.local/lib/python3.12/site-packages/psycopg2/__init__.py", line 122, in connect
    conn = _connect(dsn, connection_factory=connection_factory, **kwasync)
           ^^^^^^^^^^^^^^^^^^^^^^^^^^^^^^^^^^^^^^^^^^^^^^^^^^^^^^^^^^^^^^^
psycopg2.OperationalError: could not translate host name "db.jyxqhwrphlyemzrpqrdk.supabase.co" to address: No address associated with hostname

[2026-06-28T08:43:40.780+0000] {local_task_job_runner.py:266} INFO - Task exited with return code 1
[2026-06-28T08:43:40.857+0000] {taskinstance.py:3901} INFO - 0 downstream tasks scheduled from follow-on schedule check
[2026-06-28T08:43:40.861+0000] {local_task_job_runner.py:245} INFO - ::endgroup::
