[2026-06-28T12:38:41.757+0000] {local_task_job_runner.py:123} INFO - ::group::Pre task execution logs
[2026-06-28T12:38:41.821+0000] {taskinstance.py:2614} INFO - Dependencies all met for dep_context=non-requeueable deps ti=<TaskInstance: 02_osm_discovery_westlands.ingest_osm_restaurants manual__2026-06-28T12:38:36.884689+00:00 [queued]>
[2026-06-28T12:38:41.839+0000] {taskinstance.py:2614} INFO - Dependencies all met for dep_context=requeueable deps ti=<TaskInstance: 02_osm_discovery_westlands.ingest_osm_restaurants manual__2026-06-28T12:38:36.884689+00:00 [queued]>
[2026-06-28T12:38:41.840+0000] {taskinstance.py:2867} INFO - Starting attempt 1 of 2
[2026-06-28T12:38:41.868+0000] {taskinstance.py:2890} INFO - Executing <Task(PythonOperator): ingest_osm_restaurants> on 2026-06-28 12:38:36.884689+00:00
[2026-06-28T12:38:41.879+0000] {standard_task_runner.py:104} INFO - Running: ['airflow', 'tasks', 'run', '02_osm_discovery_westlands', 'ingest_osm_restaurants', 'manual__2026-06-28T12:38:36.884689+00:00', '--job-id', '23', '--raw', '--subdir', 'DAGS_FOLDER/02_osm_discovery_westlands.py', '--cfg-path', '/tmp/tmpv4nivtmn']
[2026-06-28T12:38:41.882+0000] {standard_task_runner.py:105} INFO - Job 23: Subtask ingest_osm_restaurants
[2026-06-28T12:38:41.885+0000] {logging_mixin.py:190} WARNING - /home/airflow/.local/lib/python3.12/site-packages/airflow/task/task_runner/standard_task_runner.py:70 DeprecationWarning: This process (pid=230) is multi-threaded, use of fork() may lead to deadlocks in the child.
[2026-06-28T12:38:41.886+0000] {standard_task_runner.py:72} INFO - Started process 244 to run task
[2026-06-28T12:38:41.992+0000] {task_command.py:467} INFO - Running <TaskInstance: 02_osm_discovery_westlands.ingest_osm_restaurants manual__2026-06-28T12:38:36.884689+00:00 [running]> on host 5f22ac8b7544
[2026-06-28T12:38:42.183+0000] {taskinstance.py:3134} INFO - Exporting env vars: AIRFLOW_CTX_DAG_OWNER='nairobi' AIRFLOW_CTX_DAG_ID='02_osm_discovery_westlands' AIRFLOW_CTX_TASK_ID='ingest_osm_restaurants' AIRFLOW_CTX_EXECUTION_DATE='2026-06-28T12:38:36.884689+00:00' AIRFLOW_CTX_TRY_NUMBER='1' AIRFLOW_CTX_DAG_RUN_ID='manual__2026-06-28T12:38:36.884689+00:00'
[2026-06-28T12:38:42.184+0000] {taskinstance.py:732} INFO - ::endgroup::
[2026-06-28T12:41:12.333+0000] {taskinstance.py:3313} ERROR - Task failed with exception
Traceback (most recent call last):
  File "/home/airflow/.local/lib/python3.12/site-packages/airflow/models/taskinstance.py", line 768, in _execute_task
    result = _execute_callable(context=context, **execute_callable_kwargs)
             ^^^^^^^^^^^^^^^^^^^^^^^^^^^^^^^^^^^^^^^^^^^^^^^^^^^^^^^^^^^^^
  File "/home/airflow/.local/lib/python3.12/site-packages/airflow/models/taskinstance.py", line 734, in _execute_callable
    return ExecutionCallableRunner(
           ^^^^^^^^^^^^^^^^^^^^^^^^
  File "/home/airflow/.local/lib/python3.12/site-packages/airflow/utils/operator_helpers.py", line 252, in run
    return self.func(*args, **kwargs)
           ^^^^^^^^^^^^^^^^^^^^^^^^^^
  File "/home/airflow/.local/lib/python3.12/site-packages/airflow/models/baseoperator.py", line 424, in wrapper
    return func(self, *args, **kwargs)
           ^^^^^^^^^^^^^^^^^^^^^^^^^^^
  File "/home/airflow/.local/lib/python3.12/site-packages/airflow/operators/python.py", line 238, in execute
    return_value = self.execute_callable()
                   ^^^^^^^^^^^^^^^^^^^^^^^
  File "/home/airflow/.local/lib/python3.12/site-packages/airflow/operators/python.py", line 256, in execute_callable
    return runner.run(*self.op_args, **self.op_kwargs)
           ^^^^^^^^^^^^^^^^^^^^^^^^^^^^^^^^^^^^^^^^^^^
  File "/home/airflow/.local/lib/python3.12/site-packages/airflow/utils/operator_helpers.py", line 252, in run
    return self.func(*args, **kwargs)
           ^^^^^^^^^^^^^^^^^^^^^^^^^^
  File "/opt/airflow/dags/02_osm_discovery_westlands.py", line 102, in ingest_osm_restaurants
    conn = get_postgres_connection()
           ^^^^^^^^^^^^^^^^^^^^^^^^^
  File "/opt/airflow/dags/02_osm_discovery_westlands.py", line 93, in get_postgres_connection
    return psycopg2.connect(database_url)
           ^^^^^^^^^^^^^^^^^^^^^^^^^^^^^^
  File "/home/airflow/.local/lib/python3.12/site-packages/psycopg2/__init__.py", line 122, in connect
    conn = _connect(dsn, connection_factory=connection_factory, **kwasync)
           ^^^^^^^^^^^^^^^^^^^^^^^^^^^^^^^^^^^^^^^^^^^^^^^^^^^^^^^^^^^^^^^
psycopg2.OperationalError: connection to server at "jyxqhwrphlyemzrpqrdk.supabase.co" (104.18.38.10), port 5432 failed: Connection refused
	Is the server running on that host and accepting TCP/IP connections?
connection to server at "jyxqhwrphlyemzrpqrdk.supabase.co" (172.64.149.246), port 5432 failed: Connection refused
	Is the server running on that host and accepting TCP/IP connections?

[2026-06-28T12:41:12.372+0000] {taskinstance.py:1226} INFO - Marking task as UP_FOR_RETRY. dag_id=02_osm_discovery_westlands, task_id=ingest_osm_restaurants, run_id=manual__2026-06-28T12:38:36.884689+00:00, execution_date=20260628T123836, start_date=20260628T123841, end_date=20260628T124112
[2026-06-28T12:41:12.450+0000] {taskinstance.py:341} INFO - ::group::Post task execution logs
[2026-06-28T12:41:12.451+0000] {standard_task_runner.py:124} ERROR - Failed to execute job 23 for task ingest_osm_restaurants (connection to server at "jyxqhwrphlyemzrpqrdk.supabase.co" (104.18.38.10), port 5432 failed: Connection refused
	Is the server running on that host and accepting TCP/IP connections?
connection to server at "jyxqhwrphlyemzrpqrdk.supabase.co" (172.64.149.246), port 5432 failed: Connection refused
	Is the server running on that host and accepting TCP/IP connections?
; 244)
Traceback (most recent call last):
  File "/home/airflow/.local/lib/python3.12/site-packages/airflow/task/task_runner/standard_task_runner.py", line 117, in _start_by_fork
    ret = args.func(args, dag=self.dag)
          ^^^^^^^^^^^^^^^^^^^^^^^^^^^^^
  File "/home/airflow/.local/lib/python3.12/site-packages/airflow/cli/cli_config.py", line 49, in command
    return func(*args, **kwargs)
           ^^^^^^^^^^^^^^^^^^^^^
  File "/home/airflow/.local/lib/python3.12/site-packages/airflow/utils/cli.py", line 116, in wrapper
    return f(*args, **kwargs)
           ^^^^^^^^^^^^^^^^^^
  File "/home/airflow/.local/lib/python3.12/site-packages/airflow/cli/commands/task_command.py", line 483, in task_run
    task_return_code = _run_task_by_selected_method(args, _dag, ti)
                       ^^^^^^^^^^^^^^^^^^^^^^^^^^^^^^^^^^^^^^^^^^^^
  File "/home/airflow/.local/lib/python3.12/site-packages/airflow/cli/commands/task_command.py", line 256, in _run_task_by_selected_method
    return _run_raw_task(args, ti)
           ^^^^^^^^^^^^^^^^^^^^^^^
  File "/home/airflow/.local/lib/python3.12/site-packages/airflow/cli/commands/task_command.py", line 341, in _run_raw_task
    return ti._run_raw_task(
           ^^^^^^^^^^^^^^^^^
  File "/home/airflow/.local/lib/python3.12/site-packages/airflow/utils/session.py", line 97, in wrapper
    return func(*args, session=session, **kwargs)
           ^^^^^^^^^^^^^^^^^^^^^^^^^^^^^^^^^^^^^^
  File "/home/airflow/.local/lib/python3.12/site-packages/airflow/models/taskinstance.py", line 3006, in _run_raw_task
    return _run_raw_task(
           ^^^^^^^^^^^^^^
  File "/home/airflow/.local/lib/python3.12/site-packages/airflow/models/taskinstance.py", line 274, in _run_raw_task
    TaskInstance._execute_task_with_callbacks(
  File "/home/airflow/.local/lib/python3.12/site-packages/airflow/models/taskinstance.py", line 3161, in _execute_task_with_callbacks
    result = self._execute_task(context, task_orig)
             ^^^^^^^^^^^^^^^^^^^^^^^^^^^^^^^^^^^^^^
  File "/home/airflow/.local/lib/python3.12/site-packages/airflow/models/taskinstance.py", line 3185, in _execute_task
    return _execute_task(self, context, task_orig)
           ^^^^^^^^^^^^^^^^^^^^^^^^^^^^^^^^^^^^^^^
  File "/home/airflow/.local/lib/python3.12/site-packages/airflow/models/taskinstance.py", line 768, in _execute_task
    result = _execute_callable(context=context, **execute_callable_kwargs)
             ^^^^^^^^^^^^^^^^^^^^^^^^^^^^^^^^^^^^^^^^^^^^^^^^^^^^^^^^^^^^^
  File "/home/airflow/.local/lib/python3.12/site-packages/airflow/models/taskinstance.py", line 734, in _execute_callable
    return ExecutionCallableRunner(
           ^^^^^^^^^^^^^^^^^^^^^^^^
  File "/home/airflow/.local/lib/python3.12/site-packages/airflow/utils/operator_helpers.py", line 252, in run
    return self.func(*args, **kwargs)
           ^^^^^^^^^^^^^^^^^^^^^^^^^^
  File "/home/airflow/.local/lib/python3.12/site-packages/airflow/models/baseoperator.py", line 424, in wrapper
    return func(self, *args, **kwargs)
           ^^^^^^^^^^^^^^^^^^^^^^^^^^^
  File "/home/airflow/.local/lib/python3.12/site-packages/airflow/operators/python.py", line 238, in execute
    return_value = self.execute_callable()
                   ^^^^^^^^^^^^^^^^^^^^^^^
  File "/home/airflow/.local/lib/python3.12/site-packages/airflow/operators/python.py", line 256, in execute_callable
    return runner.run(*self.op_args, **self.op_kwargs)
           ^^^^^^^^^^^^^^^^^^^^^^^^^^^^^^^^^^^^^^^^^^^
  File "/home/airflow/.local/lib/python3.12/site-packages/airflow/utils/operator_helpers.py", line 252, in run
    return self.func(*args, **kwargs)
           ^^^^^^^^^^^^^^^^^^^^^^^^^^
  File "/opt/airflow/dags/02_osm_discovery_westlands.py", line 102, in ingest_osm_restaurants
    conn = get_postgres_connection()
           ^^^^^^^^^^^^^^^^^^^^^^^^^
  File "/opt/airflow/dags/02_osm_discovery_westlands.py", line 93, in get_postgres_connection
    return psycopg2.connect(database_url)
           ^^^^^^^^^^^^^^^^^^^^^^^^^^^^^^
  File "/home/airflow/.local/lib/python3.12/site-packages/psycopg2/__init__.py", line 122, in connect
    conn = _connect(dsn, connection_factory=connection_factory, **kwasync)
           ^^^^^^^^^^^^^^^^^^^^^^^^^^^^^^^^^^^^^^^^^^^^^^^^^^^^^^^^^^^^^^^
psycopg2.OperationalError: connection to server at "jyxqhwrphlyemzrpqrdk.supabase.co" (104.18.38.10), port 5432 failed: Connection refused
	Is the server running on that host and accepting TCP/IP connections?
connection to server at "jyxqhwrphlyemzrpqrdk.supabase.co" (172.64.149.246), port 5432 failed: Connection refused
	Is the server running on that host and accepting TCP/IP connections?

[2026-06-28T12:41:12.471+0000] {local_task_job_runner.py:266} INFO - Task exited with return code 1
[2026-06-28T12:41:12.522+0000] {taskinstance.py:3901} INFO - 0 downstream tasks scheduled from follow-on schedule check
[2026-06-28T12:41:12.525+0000] {local_task_job_runner.py:245} INFO - ::endgroup::
